<?xml version="1.0" encoding="UTF-8"?>
<testng-results ignored="0" total="3" passed="3" failed="0" skipped="0">
  <reporter-output>
  </reporter-output>
  <suite started-at="2024-05-29T20:18:44 IST" name="Default suite" finished-at="2024-05-29T20:18:45 IST" duration-ms="54">
    <groups>
    </groups>
    <test started-at="2024-05-29T20:18:44 IST" name="Default test" finished-at="2024-05-29T20:18:45 IST" duration-ms="54">
      <class name="Maventest2.Reporting_test">
        <test-method signature="login_agent()[pri:0, instance:Maventest2.Reporting_test@1fdfafd2]" started-at="2024-05-29T20:18:45 IST" name="login_agent" finished-at="2024-05-29T20:18:45 IST" duration-ms="7" status="PASS">
          <reporter-output>
          </reporter-output>
        </test-method> <!-- login_agent -->
        <test-method signature="login_core()[pri:0, instance:Maventest2.Reporting_test@1fdfafd2]" started-at="2024-05-29T20:18:45 IST" name="login_core" finished-at="2024-05-29T20:18:45 IST" duration-ms="1" status="PASS">
          <reporter-output>
          </reporter-output>
        </test-method> <!-- login_core -->
        <test-method signature="login_employee()[pri:0, instance:Maventest2.Reporting_test@1fdfafd2]" started-at="2024-05-29T20:18:45 IST" name="login_employee" finished-at="2024-05-29T20:18:45 IST" duration-ms="1" status="PASS">
          <reporter-output>
          </reporter-output>
        </test-method> <!-- login_employee -->
      </class> <!-- Maventest2.Reporting_test -->
    </test> <!-- Default test -->
  </suite> <!-- Default suite -->
</testng-results>
